app/build/intermediates/manifest_merge_blame_file/debug/manifest-merger-blame-debug-report.txt
1<?xml version="1.0" encoding="utf-8"?>
2<manifest xmlns:android="http://schemas.android.com/apk/res/android"
3    package="com.example.spotifykaraokeee"
4    android:versionCode="1"
5    android:versionName="1.0" >
6
7    <uses-sdk
8        android:minSdkVersion="16"
8-->src\main\AndroidManifest.xml
9        android:targetSdkVersion="30" />
9-->src\main\AndroidManifest.xml
10
11    <uses-permission android:name="android.permission.ACCESS_NETWORK_STATE" />
11-->[com.firebaseui:firebase-ui-auth:7.2.0] AndroidManifest.xml:12:5-79
11-->[com.firebaseui:firebase-ui-auth:7.2.0] AndroidManifest.xml:12:22-76
12    <uses-permission android:name="android.permission.INTERNET" />
12-->[com.firebaseui:firebase-ui-auth:7.2.0] AndroidManifest.xml:13:5-67
12-->[com.firebaseui:firebase-ui-auth:7.2.0] AndroidManifest.xml:13:22-64
13
14    <queries>
14-->[:spotify-app-remote-release-0.7.2] AndroidManifest.xml:29:5-34:15
15        <package android:name="com.spotify.music" />
15-->[:spotify-app-remote-release-0.7.2] AndroidManifest.xml:30:9-53
15-->[:spotify-app-remote-release-0.7.2] AndroidManifest.xml:30:18-50
16        <package android:name="com.spotify.music.debug" />
16-->[:spotify-app-remote-release-0.7.2] AndroidManifest.xml:31:9-59
16-->[:spotify-app-remote-release-0.7.2] AndroidManifest.xml:31:18-56
17        <package android:name="com.spotify.music.canary" />
17-->[:spotify-app-remote-release-0.7.2] AndroidManifest.xml:32:9-60
17-->[:spotify-app-remote-release-0.7.2] AndroidManifest.xml:32:18-57
18        <package android:name="com.spotify.music.partners" />
18-->[:spotify-app-remote-release-0.7.2] AndroidManifest.xml:33:9-62
18-->[:spotify-app-remote-release-0.7.2] AndroidManifest.xml:33:18-59
19    </queries>
20
21    <application
21-->src\main\AndroidManifest.xml:5:5-25:19
22        android:allowBackup="true"
22-->src\main\AndroidManifest.xml:6:9-35
23        android:appComponentFactory="androidx.core.app.CoreComponentFactory"
23-->[androidx.core:core:1.5.0] AndroidManifest.xml:24:18-86
24        android:debuggable="true"
25        android:icon="@mipmap/ic_launcher"
25-->src\main\AndroidManifest.xml:7:9-43
26        android:label="@string/app_name"
26-->src\main\AndroidManifest.xml:8:9-41
27        android:roundIcon="@mipmap/ic_launcher_round"
27-->src\main\AndroidManifest.xml:9:9-54
28        android:supportsRtl="true"
28-->src\main\AndroidManifest.xml:10:9-35
29        android:testOnly="true"
30        android:theme="@style/Theme.SpotifyKaraokeee" >
30-->src\main\AndroidManifest.xml:11:9-54
31        <activity android:name="com.example.spotifykaraokeee.EntryPage" />
31-->src\main\AndroidManifest.xml:12:9-56
31-->src\main\AndroidManifest.xml:12:19-44
32        <activity android:name="com.example.spotifykaraokeee.RegisterPage" />
32-->src\main\AndroidManifest.xml:13:9-50
32-->src\main\AndroidManifest.xml:13:19-47
33        <activity android:name="com.example.spotifykaraokeee.LogInPage" />
33-->src\main\AndroidManifest.xml:14:9-47
33-->src\main\AndroidManifest.xml:14:19-44
34        <activity
34-->src\main\AndroidManifest.xml:15:9-17:75
35            android:name="com.example.spotifykaraokeee.NavigationHomePage"
35-->src\main\AndroidManifest.xml:16:13-47
36            android:label="@string/title_activity_navigation_home_page" />
36-->src\main\AndroidManifest.xml:17:13-72
37        <activity android:name="com.example.spotifykaraokeee.MainActivity" >
37-->src\main\AndroidManifest.xml:18:9-24:20
37-->src\main\AndroidManifest.xml:18:19-47
38            <intent-filter>
38-->src\main\AndroidManifest.xml:19:13-23:29
39                <action android:name="android.intent.action.MAIN" />
39-->src\main\AndroidManifest.xml:20:17-69
39-->src\main\AndroidManifest.xml:20:25-66
40
41                <category android:name="android.intent.category.LAUNCHER" />
41-->src\main\AndroidManifest.xml:22:17-77
41-->src\main\AndroidManifest.xml:22:27-74
42            </intent-filter>
43        </activity>
44
45        <meta-data
45-->[com.firebaseui:firebase-ui-auth:7.2.0] AndroidManifest.xml:16:9-18:69
46            android:name="com.google.android.gms.version"
46-->[com.firebaseui:firebase-ui-auth:7.2.0] AndroidManifest.xml:17:13-58
47            android:value="@integer/google_play_services_version" />
47-->[com.firebaseui:firebase-ui-auth:7.2.0] AndroidManifest.xml:18:13-66
48        <meta-data
48-->[com.firebaseui:firebase-ui-auth:7.2.0] AndroidManifest.xml:19:9-21:63
49            android:name="com.facebook.sdk.ApplicationId"
49-->[com.firebaseui:firebase-ui-auth:7.2.0] AndroidManifest.xml:20:13-58
50            android:value="@string/facebook_application_id" />
50-->[com.firebaseui:firebase-ui-auth:7.2.0] AndroidManifest.xml:21:13-60
51
52        <activity
52-->[com.firebaseui:firebase-ui-auth:7.2.0] AndroidManifest.xml:23:9-27:61
53            android:name="com.firebase.ui.auth.KickoffActivity"
53-->[com.firebaseui:firebase-ui-auth:7.2.0] AndroidManifest.xml:24:13-64
54            android:exported="false"
54-->[com.firebaseui:firebase-ui-auth:7.2.0] AndroidManifest.xml:25:13-37
55            android:label=""
55-->[com.firebaseui:firebase-ui-auth:7.2.0] AndroidManifest.xml:26:13-29
56            android:theme="@style/FirebaseUI.Transparent" />
56-->[com.firebaseui:firebase-ui-auth:7.2.0] AndroidManifest.xml:27:13-58
57        <activity
57-->[com.firebaseui:firebase-ui-auth:7.2.0] AndroidManifest.xml:28:9-32:61
58            android:name="com.firebase.ui.auth.ui.idp.SingleSignInActivity"
58-->[com.firebaseui:firebase-ui-auth:7.2.0] AndroidManifest.xml:29:13-76
59            android:exported="false"
59-->[com.firebaseui:firebase-ui-auth:7.2.0] AndroidManifest.xml:30:13-37
60            android:label=""
60-->[com.firebaseui:firebase-ui-auth:7.2.0] AndroidManifest.xml:31:13-29
61            android:theme="@style/FirebaseUI.Transparent" />
61-->[com.firebaseui:firebase-ui-auth:7.2.0] AndroidManifest.xml:32:13-58
62        <activity
62-->[com.firebaseui:firebase-ui-auth:7.2.0] AndroidManifest.xml:33:9-37:61
63            android:name="com.firebase.ui.auth.ui.credentials.CredentialSaveActivity"
63-->[com.firebaseui:firebase-ui-auth:7.2.0] AndroidManifest.xml:34:13-86
64            android:exported="false"
64-->[com.firebaseui:firebase-ui-auth:7.2.0] AndroidManifest.xml:35:13-37
65            android:label=""
65-->[com.firebaseui:firebase-ui-auth:7.2.0] AndroidManifest.xml:36:13-29
66            android:theme="@style/FirebaseUI.Transparent" />
66-->[com.firebaseui:firebase-ui-auth:7.2.0] AndroidManifest.xml:37:13-58
67        <activity
67-->[com.firebaseui:firebase-ui-auth:7.2.0] AndroidManifest.xml:38:9-42:58
68            android:name="com.firebase.ui.auth.ui.email.RecoverPasswordActivity"
68-->[com.firebaseui:firebase-ui-auth:7.2.0] AndroidManifest.xml:39:13-81
69            android:exported="false"
69-->[com.firebaseui:firebase-ui-auth:7.2.0] AndroidManifest.xml:40:13-37
70            android:label="@string/fui_title_recover_password_activity"
70-->[com.firebaseui:firebase-ui-auth:7.2.0] AndroidManifest.xml:41:13-72
71            android:windowSoftInputMode="adjustResize" />
71-->[com.firebaseui:firebase-ui-auth:7.2.0] AndroidManifest.xml:42:13-55
72        <activity
72-->[com.firebaseui:firebase-ui-auth:7.2.0] AndroidManifest.xml:43:9-47:58
73            android:name="com.firebase.ui.auth.ui.email.EmailActivity"
73-->[com.firebaseui:firebase-ui-auth:7.2.0] AndroidManifest.xml:44:13-71
74            android:exported="false"
74-->[com.firebaseui:firebase-ui-auth:7.2.0] AndroidManifest.xml:45:13-37
75            android:label="@string/fui_sign_in_default"
75-->[com.firebaseui:firebase-ui-auth:7.2.0] AndroidManifest.xml:46:13-56
76            android:windowSoftInputMode="adjustResize" />
76-->[com.firebaseui:firebase-ui-auth:7.2.0] AndroidManifest.xml:47:13-55
77        <activity
77-->[com.firebaseui:firebase-ui-auth:7.2.0] AndroidManifest.xml:48:9-52:77
78            android:name="com.firebase.ui.auth.ui.phone.PhoneActivity"
78-->[com.firebaseui:firebase-ui-auth:7.2.0] AndroidManifest.xml:49:13-71
79            android:exported="false"
79-->[com.firebaseui:firebase-ui-auth:7.2.0] AndroidManifest.xml:50:13-37
80            android:label="@string/fui_sign_in_with_phone_number"
80-->[com.firebaseui:firebase-ui-auth:7.2.0] AndroidManifest.xml:51:13-66
81            android:windowSoftInputMode="adjustResize|stateAlwaysVisible" />
81-->[com.firebaseui:firebase-ui-auth:7.2.0] AndroidManifest.xml:52:13-74
82        <activity
82-->[com.firebaseui:firebase-ui-auth:7.2.0] AndroidManifest.xml:53:9-57:58
83            android:name="com.firebase.ui.auth.ui.idp.WelcomeBackIdpPrompt"
83-->[com.firebaseui:firebase-ui-auth:7.2.0] AndroidManifest.xml:54:13-76
84            android:exported="false"
84-->[com.firebaseui:firebase-ui-auth:7.2.0] AndroidManifest.xml:55:13-37
85            android:label="@string/fui_title_welcome_back_idp_prompt"
85-->[com.firebaseui:firebase-ui-auth:7.2.0] AndroidManifest.xml:56:13-70
86            android:windowSoftInputMode="adjustResize" />
86-->[com.firebaseui:firebase-ui-auth:7.2.0] AndroidManifest.xml:57:13-55
87        <activity
87-->[com.firebaseui:firebase-ui-auth:7.2.0] AndroidManifest.xml:58:9-62:58
88            android:name="com.firebase.ui.auth.ui.email.WelcomeBackPasswordPrompt"
88-->[com.firebaseui:firebase-ui-auth:7.2.0] AndroidManifest.xml:59:13-83
89            android:exported="false"
89-->[com.firebaseui:firebase-ui-auth:7.2.0] AndroidManifest.xml:60:13-37
90            android:label="@string/fui_title_welcome_back_password_prompt"
90-->[com.firebaseui:firebase-ui-auth:7.2.0] AndroidManifest.xml:61:13-75
91            android:windowSoftInputMode="adjustResize" />
91-->[com.firebaseui:firebase-ui-auth:7.2.0] AndroidManifest.xml:62:13-55
92        <activity
92-->[com.firebaseui:firebase-ui-auth:7.2.0] AndroidManifest.xml:63:9-67:58
93            android:name="com.firebase.ui.auth.ui.email.WelcomeBackEmailLinkPrompt"
93-->[com.firebaseui:firebase-ui-auth:7.2.0] AndroidManifest.xml:64:13-84
94            android:exported="false"
94-->[com.firebaseui:firebase-ui-auth:7.2.0] AndroidManifest.xml:65:13-37
95            android:label="@string/fui_title_welcome_back_password_prompt"
95-->[com.firebaseui:firebase-ui-auth:7.2.0] AndroidManifest.xml:66:13-75
96            android:windowSoftInputMode="adjustResize" />
96-->[com.firebaseui:firebase-ui-auth:7.2.0] AndroidManifest.xml:67:13-55
97        <activity
97-->[com.firebaseui:firebase-ui-auth:7.2.0] AndroidManifest.xml:68:9-73:58
98            android:name="com.firebase.ui.auth.ui.email.EmailLinkCatcherActivity"
98-->[com.firebaseui:firebase-ui-auth:7.2.0] AndroidManifest.xml:69:13-82
99            android:exported="false"
99-->[com.firebaseui:firebase-ui-auth:7.2.0] AndroidManifest.xml:70:13-37
100            android:label=""
100-->[com.firebaseui:firebase-ui-auth:7.2.0] AndroidManifest.xml:71:13-29
101            android:theme="@style/FirebaseUI.Transparent"
101-->[com.firebaseui:firebase-ui-auth:7.2.0] AndroidManifest.xml:72:13-58
102            android:windowSoftInputMode="adjustResize" />
102-->[com.firebaseui:firebase-ui-auth:7.2.0] AndroidManifest.xml:73:13-55
103        <activity
103-->[com.firebaseui:firebase-ui-auth:7.2.0] AndroidManifest.xml:74:9-78:58
104            android:name="com.firebase.ui.auth.ui.email.EmailLinkErrorRecoveryActivity"
104-->[com.firebaseui:firebase-ui-auth:7.2.0] AndroidManifest.xml:75:13-88
105            android:exported="false"
105-->[com.firebaseui:firebase-ui-auth:7.2.0] AndroidManifest.xml:76:13-37
106            android:label="@string/fui_sign_in_default"
106-->[com.firebaseui:firebase-ui-auth:7.2.0] AndroidManifest.xml:77:13-56
107            android:windowSoftInputMode="adjustResize" />
107-->[com.firebaseui:firebase-ui-auth:7.2.0] AndroidManifest.xml:78:13-55
108        <activity
108-->[com.firebaseui:firebase-ui-auth:7.2.0] AndroidManifest.xml:79:9-82:65
109            android:name="com.firebase.ui.auth.ui.idp.AuthMethodPickerActivity"
109-->[com.firebaseui:firebase-ui-auth:7.2.0] AndroidManifest.xml:80:13-80
110            android:exported="false"
110-->[com.firebaseui:firebase-ui-auth:7.2.0] AndroidManifest.xml:81:13-37
111            android:label="@string/fui_default_toolbar_title" />
111-->[com.firebaseui:firebase-ui-auth:7.2.0] AndroidManifest.xml:82:13-62
112        <activity
112-->[com.firebaseui:firebase-ui-auth:7.2.0] AndroidManifest.xml:83:9-87:48
113            android:name="com.facebook.FacebookActivity"
113-->[com.firebaseui:firebase-ui-auth:7.2.0] AndroidManifest.xml:84:13-57
114            android:configChanges="keyboard|keyboardHidden|screenLayout|screenSize|orientation"
114-->[com.firebaseui:firebase-ui-auth:7.2.0] AndroidManifest.xml:85:13-96
115            android:label="@string/app_name" />
115-->[com.firebaseui:firebase-ui-auth:7.2.0] AndroidManifest.xml:86:13-45
116        <activity
116-->[com.firebaseui:firebase-ui-auth:7.2.0] AndroidManifest.xml:88:9-100:20
117            android:name="com.facebook.CustomTabActivity"
117-->[com.firebaseui:firebase-ui-auth:7.2.0] AndroidManifest.xml:89:13-58
118            android:exported="true" >
118-->[com.firebaseui:firebase-ui-auth:7.2.0] AndroidManifest.xml:90:13-36
119            <intent-filter>
119-->[com.firebaseui:firebase-ui-auth:7.2.0] AndroidManifest.xml:92:13-99:29
120                <action android:name="android.intent.action.VIEW" />
120-->[com.firebaseui:firebase-ui-auth:7.2.0] AndroidManifest.xml:93:17-69
120-->[com.firebaseui:firebase-ui-auth:7.2.0] AndroidManifest.xml:93:25-66
121
122                <category android:name="android.intent.category.DEFAULT" />
122-->[com.firebaseui:firebase-ui-auth:7.2.0] AndroidManifest.xml:95:17-76
122-->[com.firebaseui:firebase-ui-auth:7.2.0] AndroidManifest.xml:95:27-73
123                <category android:name="android.intent.category.BROWSABLE" />
123-->[com.firebaseui:firebase-ui-auth:7.2.0] AndroidManifest.xml:96:17-78
123-->[com.firebaseui:firebase-ui-auth:7.2.0] AndroidManifest.xml:96:27-75
124
125                <data android:scheme="@string/facebook_login_protocol_scheme" />
125-->[com.firebaseui:firebase-ui-auth:7.2.0] AndroidManifest.xml:98:17-81
125-->[com.firebaseui:firebase-ui-auth:7.2.0] AndroidManifest.xml:98:23-78
126            </intent-filter>
127        </activity>
128
129        <provider
129-->[com.firebaseui:firebase-ui-auth:7.2.0] AndroidManifest.xml:102:9-106:38
130            android:name="com.firebase.ui.auth.data.client.AuthUiInitProvider"
130-->[com.firebaseui:firebase-ui-auth:7.2.0] AndroidManifest.xml:103:13-79
131            android:authorities="com.example.spotifykaraokeee.authuiinitprovider"
131-->[com.firebaseui:firebase-ui-auth:7.2.0] AndroidManifest.xml:104:13-70
132            android:exported="false"
132-->[com.firebaseui:firebase-ui-auth:7.2.0] AndroidManifest.xml:105:13-37
133            android:initOrder="90" />
133-->[com.firebaseui:firebase-ui-auth:7.2.0] AndroidManifest.xml:106:13-35
134
135        <activity
135-->[com.google.firebase:firebase-auth:20.0.3] AndroidManifest.xml:27:9-44:20
136            android:name="com.google.firebase.auth.internal.GenericIdpActivity"
136-->[com.google.firebase:firebase-auth:20.0.3] AndroidManifest.xml:28:13-80
137            android:excludeFromRecents="true"
137-->[com.google.firebase:firebase-auth:20.0.3] AndroidManifest.xml:29:13-46
138            android:exported="true"
138-->[com.google.firebase:firebase-auth:20.0.3] AndroidManifest.xml:30:13-36
139            android:launchMode="singleTask"
139-->[com.google.firebase:firebase-auth:20.0.3] AndroidManifest.xml:31:13-44
140            android:theme="@android:style/Theme.Translucent.NoTitleBar" >
140-->[com.google.firebase:firebase-auth:20.0.3] AndroidManifest.xml:32:13-72
141            <intent-filter>
141-->[com.google.firebase:firebase-auth:20.0.3] AndroidManifest.xml:33:13-43:29
142                <action android:name="android.intent.action.VIEW" />
142-->[com.firebaseui:firebase-ui-auth:7.2.0] AndroidManifest.xml:93:17-69
142-->[com.firebaseui:firebase-ui-auth:7.2.0] AndroidManifest.xml:93:25-66
143
144                <category android:name="android.intent.category.DEFAULT" />
144-->[com.firebaseui:firebase-ui-auth:7.2.0] AndroidManifest.xml:95:17-76
144-->[com.firebaseui:firebase-ui-auth:7.2.0] AndroidManifest.xml:95:27-73
145                <category android:name="android.intent.category.BROWSABLE" />
145-->[com.firebaseui:firebase-ui-auth:7.2.0] AndroidManifest.xml:96:17-78
145-->[com.firebaseui:firebase-ui-auth:7.2.0] AndroidManifest.xml:96:27-75
146
147                <data
147-->[com.firebaseui:firebase-ui-auth:7.2.0] AndroidManifest.xml:98:17-81
148                    android:host="firebase.auth"
149                    android:path="/"
150                    android:scheme="genericidp" />
150-->[com.firebaseui:firebase-ui-auth:7.2.0] AndroidManifest.xml:98:23-78
151            </intent-filter>
152        </activity>
153        <activity
153-->[com.google.firebase:firebase-auth:20.0.3] AndroidManifest.xml:45:9-62:20
154            android:name="com.google.firebase.auth.internal.RecaptchaActivity"
154-->[com.google.firebase:firebase-auth:20.0.3] AndroidManifest.xml:46:13-79
155            android:excludeFromRecents="true"
155-->[com.google.firebase:firebase-auth:20.0.3] AndroidManifest.xml:47:13-46
156            android:exported="true"
156-->[com.google.firebase:firebase-auth:20.0.3] AndroidManifest.xml:48:13-36
157            android:launchMode="singleTask"
157-->[com.google.firebase:firebase-auth:20.0.3] AndroidManifest.xml:49:13-44
158            android:theme="@android:style/Theme.Translucent.NoTitleBar" >
158-->[com.google.firebase:firebase-auth:20.0.3] AndroidManifest.xml:50:13-72
159            <intent-filter>
159-->[com.google.firebase:firebase-auth:20.0.3] AndroidManifest.xml:51:13-61:29
160                <action android:name="android.intent.action.VIEW" />
160-->[com.firebaseui:firebase-ui-auth:7.2.0] AndroidManifest.xml:93:17-69
160-->[com.firebaseui:firebase-ui-auth:7.2.0] AndroidManifest.xml:93:25-66
161
162                <category android:name="android.intent.category.DEFAULT" />
162-->[com.firebaseui:firebase-ui-auth:7.2.0] AndroidManifest.xml:95:17-76
162-->[com.firebaseui:firebase-ui-auth:7.2.0] AndroidManifest.xml:95:27-73
163                <category android:name="android.intent.category.BROWSABLE" />
163-->[com.firebaseui:firebase-ui-auth:7.2.0] AndroidManifest.xml:96:17-78
163-->[com.firebaseui:firebase-ui-auth:7.2.0] AndroidManifest.xml:96:27-75
164
165                <data
165-->[com.firebaseui:firebase-ui-auth:7.2.0] AndroidManifest.xml:98:17-81
166                    android:host="firebase.auth"
167                    android:path="/"
168                    android:scheme="recaptcha" />
168-->[com.firebaseui:firebase-ui-auth:7.2.0] AndroidManifest.xml:98:23-78
169            </intent-filter>
170        </activity>
171
172        <service
172-->[com.google.firebase:firebase-auth:20.0.3] AndroidManifest.xml:64:9-73:19
173            android:name="com.google.firebase.auth.api.fallback.service.FirebaseAuthFallbackService"
173-->[com.google.firebase:firebase-auth:20.0.3] AndroidManifest.xml:65:13-101
174            android:enabled="true"
174-->[com.google.firebase:firebase-auth:20.0.3] AndroidManifest.xml:66:13-35
175            android:exported="false" >
175-->[com.google.firebase:firebase-auth:20.0.3] AndroidManifest.xml:67:13-37
176            <intent-filter>
176-->[com.google.firebase:firebase-auth:20.0.3] AndroidManifest.xml:68:13-72:29
177                <action android:name="com.google.firebase.auth.api.gms.service.START" />
177-->[com.google.firebase:firebase-auth:20.0.3] AndroidManifest.xml:69:17-89
177-->[com.google.firebase:firebase-auth:20.0.3] AndroidManifest.xml:69:25-86
178
179                <category android:name="android.intent.category.DEFAULT" />
179-->[com.firebaseui:firebase-ui-auth:7.2.0] AndroidManifest.xml:95:17-76
179-->[com.firebaseui:firebase-ui-auth:7.2.0] AndroidManifest.xml:95:27-73
180            </intent-filter>
181        </service>
182        <service
182-->[com.google.firebase:firebase-auth:20.0.3] AndroidManifest.xml:74:9-80:19
183            android:name="com.google.firebase.components.ComponentDiscoveryService"
183-->[com.google.firebase:firebase-auth:20.0.3] AndroidManifest.xml:75:13-84
184            android:directBootAware="true"
184-->[com.google.firebase:firebase-common:19.5.0] AndroidManifest.xml:35:13-43
185            android:exported="false" >
185-->[com.google.firebase:firebase-auth:20.0.3] AndroidManifest.xml:76:13-37
186            <meta-data
186-->[com.google.firebase:firebase-auth:20.0.3] AndroidManifest.xml:77:13-79:85
187                android:name="com.google.firebase.components:com.google.firebase.auth.FirebaseAuthRegistrar"
187-->[com.google.firebase:firebase-auth:20.0.3] AndroidManifest.xml:78:17-109
188                android:value="com.google.firebase.components.ComponentRegistrar" />
188-->[com.google.firebase:firebase-auth:20.0.3] AndroidManifest.xml:79:17-82
189            <!--
190                This registrar is not defined in the dynamic-module-support sdk itself to allow non-firebase
191                clients to use it as well, by defining this registrar in their own core/common library.
192            -->
193            <meta-data
193-->[com.google.firebase:firebase-common:19.5.0] AndroidManifest.xml:43:13-45:85
194                android:name="com.google.firebase.components:com.google.firebase.dynamicloading.DynamicLoadingRegistrar"
194-->[com.google.firebase:firebase-common:19.5.0] AndroidManifest.xml:44:17-121
195                android:value="com.google.firebase.components.ComponentRegistrar" />
195-->[com.google.firebase:firebase-common:19.5.0] AndroidManifest.xml:45:17-82
196        </service>
197
198        <activity
198-->[com.google.android.gms:play-services-auth:19.0.0] AndroidManifest.xml:23:9-27:75
199            android:name="com.google.android.gms.auth.api.signin.internal.SignInHubActivity"
199-->[com.google.android.gms:play-services-auth:19.0.0] AndroidManifest.xml:24:13-93
200            android:excludeFromRecents="true"
200-->[com.google.android.gms:play-services-auth:19.0.0] AndroidManifest.xml:25:13-46
201            android:exported="false"
201-->[com.google.android.gms:play-services-auth:19.0.0] AndroidManifest.xml:26:13-37
202            android:theme="@android:style/Theme.Translucent.NoTitleBar" />
202-->[com.google.android.gms:play-services-auth:19.0.0] AndroidManifest.xml:27:13-72
203        <!--
204            Service handling Google Sign-In user revocation. For apps that do not integrate with
205            Google Sign-In, this service will never be started.
206        -->
207        <service
207-->[com.google.android.gms:play-services-auth:19.0.0] AndroidManifest.xml:33:9-37:51
208            android:name="com.google.android.gms.auth.api.signin.RevocationBoundService"
208-->[com.google.android.gms:play-services-auth:19.0.0] AndroidManifest.xml:34:13-89
209            android:exported="true"
209-->[com.google.android.gms:play-services-auth:19.0.0] AndroidManifest.xml:35:13-36
210            android:permission="com.google.android.gms.auth.api.signin.permission.REVOCATION_NOTIFICATION"
210-->[com.google.android.gms:play-services-auth:19.0.0] AndroidManifest.xml:36:13-107
211            android:visibleToInstantApps="true" />
211-->[com.google.android.gms:play-services-auth:19.0.0] AndroidManifest.xml:37:13-48
212
213        <activity
213-->[com.google.android.gms:play-services-base:17.1.0] AndroidManifest.xml:23:9-26:75
214            android:name="com.google.android.gms.common.api.GoogleApiActivity"
214-->[com.google.android.gms:play-services-base:17.1.0] AndroidManifest.xml:24:13-79
215            android:exported="false"
215-->[com.google.android.gms:play-services-base:17.1.0] AndroidManifest.xml:25:13-37
216            android:theme="@android:style/Theme.Translucent.NoTitleBar" />
216-->[com.google.android.gms:play-services-base:17.1.0] AndroidManifest.xml:26:13-72
217
218        <provider
218-->[com.google.firebase:firebase-common:19.5.0] AndroidManifest.xml:26:9-31:39
219            android:name="com.google.firebase.provider.FirebaseInitProvider"
219-->[com.google.firebase:firebase-common:19.5.0] AndroidManifest.xml:27:13-77
220            android:authorities="com.example.spotifykaraokeee.firebaseinitprovider"
220-->[com.google.firebase:firebase-common:19.5.0] AndroidManifest.xml:28:13-72
221            android:directBootAware="true"
221-->[com.google.firebase:firebase-common:19.5.0] AndroidManifest.xml:29:13-43
222            android:exported="false"
222-->[com.google.firebase:firebase-common:19.5.0] AndroidManifest.xml:30:13-37
223            android:initOrder="100" />
223-->[com.google.firebase:firebase-common:19.5.0] AndroidManifest.xml:31:13-36
224        <provider
224-->[androidx.lifecycle:lifecycle-process:2.2.0] AndroidManifest.xml:25:9-29:43
225            android:name="androidx.lifecycle.ProcessLifecycleOwnerInitializer"
225-->[androidx.lifecycle:lifecycle-process:2.2.0] AndroidManifest.xml:26:13-79
226            android:authorities="com.example.spotifykaraokeee.lifecycle-process"
226-->[androidx.lifecycle:lifecycle-process:2.2.0] AndroidManifest.xml:27:13-69
227            android:exported="false"
227-->[androidx.lifecycle:lifecycle-process:2.2.0] AndroidManifest.xml:28:13-37
228            android:multiprocess="true" />
228-->[androidx.lifecycle:lifecycle-process:2.2.0] AndroidManifest.xml:29:13-40
229    </application>
230
231</manifest>